<?xml version="1.0" encoding="UTF-8"?>
<testsuite xmlns:xsi="http://www.w3.org/2001/XMLSchema-instance" xsi:noNamespaceSchemaLocation="https://maven.apache.org/surefire/maven-surefire-plugin/xsd/surefire-test-report.xsd" version="3.0.1" name="TestSuite" time="93.282" tests="2" errors="0" skipped="0" failures="0">
  <properties>
[...]
</properties>
  <testcase name="verifyInvTypeFilter" classname="tests.TestFundExplorerETF" time="28.784">
    <system-out><![CDATA[[2025-10-04 17:24:10.433] [INFO] [TestNG-tests-1] Starting verifyInvTypeFilter test
[2025-10-04 17:24:33.721] [INFO] [TestNG-tests-1] Successfully navigated to Fund Explorer page
[2025-10-04 17:24:39.055] [INFO] [TestNG-tests-1] Selected investment type: etfs
[2025-10-04 17:24:39.180] [INFO] [TestNG-tests-1] Test completed successfully - Investment type filter working correctly
]]></system-out>
    <system-err><![CDATA[SLF4J: Failed to load class "org.slf4j.impl.StaticLoggerBinder".
SLF4J: Defaulting to no-operation (NOP) logger implementation
SLF4J: See http://www.slf4j.org/codes.html#StaticLoggerBinder for further details.
Oct 04, 2025 5:24:10 PM org.openqa.selenium.devtools.CdpVersionFinder findNearestMatch
WARNING: Unable to find CDP implementation matching 140
Oct 04, 2025 5:24:10 PM org.openqa.selenium.chromium.ChromiumDriver lambda$new$5
WARNING: Unable to find version of CDP to use for 140.0.7339.208. You may need to include a dependency on a specific version of the CDP using something similar to `org.seleniumhq.selenium:selenium-devtools-v86:4.23.0` where the version ("v86") matches the version of the chromium-based browser you're using and the version number of the artifact is the same as Selenium's.
]]></system-err>
  </testcase>
  <testcase name="verifyPageNavigation" classname="tests.TestFundExplorerETF" time="48.108">
    <system-out><![CDATA[[2025-10-04 17:24:44.434] [INFO] [TestNG-tests-1] Starting verifyPageNavigation test
[2025-10-04 17:25:05.382] [INFO] [TestNG-tests-1] Home page navigation successful
[2025-10-04 17:25:32.562] [INFO] [TestNG-tests-1] Fund Explorer page navigation successful
]]></system-out>
    <system-err><![CDATA[Oct 04, 2025 5:24:44 PM org.openqa.selenium.devtools.CdpVersionFinder findNearestMatch
WARNING: Unable to find CDP implementation matching 140
Oct 04, 2025 5:24:44 PM org.openqa.selenium.chromium.ChromiumDriver lambda$new$5
WARNING: Unable to find version of CDP to use for 140.0.7339.208. You may need to include a dependency on a specific version of the CDP using something similar to `org.seleniumhq.selenium:selenium-devtools-v86:4.23.0` where the version ("v86") matches the version of the chromium-based browser you're using and the version number of the artifact is the same as Selenium's.
]]></system-err>
  </testcase>
</testsuite>