<?xml version="1.0" encoding="UTF-8"?>
<testng-results ignored="0" total="2" passed="2" failed="0" skipped="0">
  <reporter-output>
  </reporter-output>
  <suite started-at="2025-10-04T17:24:03 IST" name="Test Suites" finished-at="2025-10-04T17:25:33 IST" duration-ms="90029">
    <groups>
    </groups>
    <test started-at="2025-10-04T17:24:03 IST" name="Fund Explorer Tests" finished-at="2025-10-04T17:25:33 IST" duration-ms="90029">
      <class name="tests.TestFundExplorerETF">
        <test-method is-config="true" signature="setup(java.lang.String,java.lang.String)[pri:0, instance:tests.TestFundExplorerETF@636be97c]" started-at="2025-10-04T17:24:03 IST" name="setup" finished-at="2025-10-04T17:24:10 IST" duration-ms="6839" status="PASS">
          <params>
            <param index="0">
              <value>
                <![CDATA[]]>
              </value>
            </param>
            <param index="1">
              <value>
                <![CDATA[]]>
              </value>
            </param>
          </params>
          <reporter-output>
          </reporter-output>
        </test-method> <!-- setup -->
        <test-method signature="verifyInvTypeFilter()[pri:0, instance:tests.TestFundExplorerETF@636be97c]" started-at="2025-10-04T17:24:10 IST" name="verifyInvTypeFilter" finished-at="2025-10-04T17:24:39 IST" duration-ms="28774" status="PASS">
          <reporter-output>
          </reporter-output>
        </test-method> <!-- verifyInvTypeFilter -->
        <test-method is-config="true" signature="teardown()[pri:0, instance:tests.TestFundExplorerETF@636be97c]" started-at="2025-10-04T17:24:39 IST" name="teardown" finished-at="2025-10-04T17:24:40 IST" duration-ms="919" status="PASS">
          <reporter-output>
          </reporter-output>
        </test-method> <!-- teardown -->
        <test-method is-config="true" signature="setup(java.lang.String,java.lang.String)[pri:0, instance:tests.TestFundExplorerETF@636be97c]" started-at="2025-10-04T17:24:40 IST" name="setup" finished-at="2025-10-04T17:24:44 IST" duration-ms="4315" status="PASS">
          <params>
            <param index="0">
              <value>
                <![CDATA[]]>
              </value>
            </param>
            <param index="1">
              <value>
                <![CDATA[]]>
              </value>
            </param>
          </params>
          <reporter-output>
          </reporter-output>
        </test-method> <!-- setup -->
        <test-method signature="verifyPageNavigation()[pri:0, instance:tests.TestFundExplorerETF@636be97c]" started-at="2025-10-04T17:24:44 IST" name="verifyPageNavigation" finished-at="2025-10-04T17:25:32 IST" duration-ms="48131" status="PASS">
          <reporter-output>
          </reporter-output>
        </test-method> <!-- verifyPageNavigation -->
        <test-method is-config="true" signature="teardown()[pri:0, instance:tests.TestFundExplorerETF@636be97c]" started-at="2025-10-04T17:25:32 IST" name="teardown" finished-at="2025-10-04T17:25:33 IST" duration-ms="867" status="PASS">
          <reporter-output>
          </reporter-output>
        </test-method> <!-- teardown -->
      </class> <!-- tests.TestFundExplorerETF -->
    </test> <!-- Fund Explorer Tests -->
  </suite> <!-- Test Suites -->
</testng-results>
